Determining if the pthread_create exist failed with the following output:
Change Dir: /v/filer4b/v38q001/kaleb/teddy/europa/build/CMakeFiles/CMakeTmp

Run Build Command:/usr/bin/make "cmTryCompileExec627964319/fast"
/usr/bin/make -f CMakeFiles/cmTryCompileExec627964319.dir/build.make CMakeFiles/cmTryCompileExec627964319.dir/build
make[1]: Entering directory `/v/filer4b/v38q001/kaleb/teddy/europa/build/CMakeFiles/CMakeTmp'
/usr/bin/cmake -E cmake_progress_report /v/filer4b/v38q001/kaleb/teddy/europa/build/CMakeFiles/CMakeTmp/CMakeFiles 1
Building C object CMakeFiles/cmTryCompileExec627964319.dir/CheckSymbolExists.c.o
/usr/bin/cc    -o CMakeFiles/cmTryCompileExec627964319.dir/CheckSymbolExists.c.o   -c /v/filer4b/v38q001/kaleb/teddy/europa/build/CMakeFiles/CMakeTmp/CheckSymbolExists.c
Linking C executable cmTryCompileExec627964319
/usr/bin/cmake -E cmake_link_script CMakeFiles/cmTryCompileExec627964319.dir/link.txt --verbose=1
/usr/bin/cc       CMakeFiles/cmTryCompileExec627964319.dir/CheckSymbolExists.c.o  -o cmTryCompileExec627964319 -rdynamic 
CMakeFiles/cmTryCompileExec627964319.dir/CheckSymbolExists.c.o: In function `main':
CheckSymbolExists.c:(.text+0x16): undefined reference to `pthread_create'
collect2: error: ld returned 1 exit status
make[1]: *** [cmTryCompileExec627964319] Error 1
make[1]: Leaving directory `/v/filer4b/v38q001/kaleb/teddy/europa/build/CMakeFiles/CMakeTmp'
make: *** [cmTryCompileExec627964319/fast] Error 2

File /v/filer4b/v38q001/kaleb/teddy/europa/build/CMakeFiles/CMakeTmp/CheckSymbolExists.c:
/* */
#include <pthread.h>

int main(int argc, char** argv)
{
  (void)argv;
#ifndef pthread_create
  return ((int*)(&pthread_create))[argc];
#else
  (void)argc;
  return 0;
#endif
}

Determining if the function pthread_create exists in the pthreads failed with the following output:
Change Dir: /v/filer4b/v38q001/kaleb/teddy/europa/build/CMakeFiles/CMakeTmp

Run Build Command:/usr/bin/make "cmTryCompileExec2280755733/fast"
/usr/bin/make -f CMakeFiles/cmTryCompileExec2280755733.dir/build.make CMakeFiles/cmTryCompileExec2280755733.dir/build
make[1]: Entering directory `/v/filer4b/v38q001/kaleb/teddy/europa/build/CMakeFiles/CMakeTmp'
/usr/bin/cmake -E cmake_progress_report /v/filer4b/v38q001/kaleb/teddy/europa/build/CMakeFiles/CMakeTmp/CMakeFiles 1
Building C object CMakeFiles/cmTryCompileExec2280755733.dir/CheckFunctionExists.c.o
/usr/bin/cc   -DCHECK_FUNCTION_EXISTS=pthread_create   -o CMakeFiles/cmTryCompileExec2280755733.dir/CheckFunctionExists.c.o   -c /usr/share/cmake-2.8/Modules/CheckFunctionExists.c
Linking C executable cmTryCompileExec2280755733
/usr/bin/cmake -E cmake_link_script CMakeFiles/cmTryCompileExec2280755733.dir/link.txt --verbose=1
/usr/bin/cc   -DCHECK_FUNCTION_EXISTS=pthread_create    CMakeFiles/cmTryCompileExec2280755733.dir/CheckFunctionExists.c.o  -o cmTryCompileExec2280755733 -rdynamic -lpthreads 
/usr/bin/ld: cannot find -lpthreads
collect2: error: ld returned 1 exit status
make[1]: *** [cmTryCompileExec2280755733] Error 1
make[1]: Leaving directory `/v/filer4b/v38q001/kaleb/teddy/europa/build/CMakeFiles/CMakeTmp'
make: *** [cmTryCompileExec2280755733/fast] Error 2


