16:37:43: Creating resource group General
16:37:43: Creating resource group Internal
16:37:43: Creating resource group Autodetect
16:37:43: SceneManagerFactory for type 'DefaultSceneManager' registered.
16:37:43: Registering ResourceManager for type Material
16:37:43: Registering ResourceManager for type Mesh
16:37:43: Registering ResourceManager for type Skeleton
16:37:43: MovableObjectFactory for type 'ParticleSystem' registered.
16:37:43: ArchiveFactory for archive type FileSystem registered.
16:37:43: ArchiveFactory for archive type Zip registered.
16:37:43: ArchiveFactory for archive type EmbeddedZip registered.
16:37:43: DDS codec registering
16:37:43: FreeImage version: 3.15.4
16:37:43: This program uses FreeImage, a free, open source image library supporting all common bitmap formats. See http://freeimage.sourceforge.net for details
16:37:43: Supported formats: bmp,ico,jpg,jif,jpeg,jpe,jng,koa,iff,lbm,mng,pbm,pbm,pcd,pcx,pgm,pgm,png,ppm,ppm,ras,tga,targa,tif,tiff,wap,wbmp,wbm,psd,cut,xbm,xpm,gif,hdr,g3,sgi,exr,j2k,j2c,jp2,pfm,pct,pict,pic,3fr,arw,bay,bmq,cap,cine,cr2,crw,cs1,dc2,dcr,drf,dsc,dng,erf,fff,ia,iiq,k25,kc2,kdc,mdc,mef,mos,mrw,nef,nrw,orf,pef,ptx,pxn,qtk,raf,raw,rdc,rw2,rwl,rwz,sr2,srf,srw,sti
16:37:43: Registering ResourceManager for type HighLevelGpuProgram
16:37:43: Registering ResourceManager for type Compositor
16:37:43: MovableObjectFactory for type 'Entity' registered.
16:37:43: MovableObjectFactory for type 'Light' registered.
16:37:43: MovableObjectFactory for type 'BillboardSet' registered.
16:37:43: MovableObjectFactory for type 'ManualObject' registered.
16:37:43: MovableObjectFactory for type 'BillboardChain' registered.
16:37:43: MovableObjectFactory for type 'RibbonTrail' registered.
16:37:43: OGRE EXCEPTION(6:FileNotFoundException): 'plugins.cfg' file not found! in ConfigFile::load at /build/buildd/ogre-1.9-1.9.0+dfsg1/OgreMain/src/OgreConfigFile.cpp (line 82)
16:37:43: plugins.cfg not found, automatic plugin loading disabled.
16:37:43: *-*-* OGRE Initialising
16:37:43: *-*-* Version 1.9.0 (Ghadamon)
16:37:43: OGRE EXCEPTION(6:FileNotFoundException): 'resources.cfg' file not found! in ConfigFile::load at /build/buildd/ogre-1.9-1.9.0+dfsg1/OgreMain/src/OgreConfigFile.cpp (line 82)
