11:28:51: Creating resource group General
11:28:51: Creating resource group Internal
11:28:51: Creating resource group Autodetect
11:28:51: SceneManagerFactory for type 'DefaultSceneManager' registered.
11:28:51: Registering ResourceManager for type Material
11:28:51: Registering ResourceManager for type Mesh
11:28:51: Registering ResourceManager for type Skeleton
11:28:51: MovableObjectFactory for type 'ParticleSystem' registered.
11:28:51: ArchiveFactory for archive type FileSystem registered.
11:28:51: ArchiveFactory for archive type Zip registered.
11:28:51: ArchiveFactory for archive type EmbeddedZip registered.
11:28:51: DDS codec registering
11:28:51: FreeImage version: 3.15.4
11:28:51: This program uses FreeImage, a free, open source image library supporting all common bitmap formats. See http://freeimage.sourceforge.net for details
11:28:51: Supported formats: bmp,ico,jpg,jif,jpeg,jpe,jng,koa,iff,lbm,mng,pbm,pbm,pcd,pcx,pgm,pgm,png,ppm,ppm,ras,tga,targa,tif,tiff,wap,wbmp,wbm,psd,cut,xbm,xpm,gif,hdr,g3,sgi,exr,j2k,j2c,jp2,pfm,pct,pict,pic,3fr,arw,bay,bmq,cap,cine,cr2,crw,cs1,dc2,dcr,drf,dsc,dng,erf,fff,ia,iiq,k25,kc2,kdc,mdc,mef,mos,mrw,nef,nrw,orf,pef,ptx,pxn,qtk,raf,raw,rdc,rw2,rwl,rwz,sr2,srf,srw,sti
11:28:51: Registering ResourceManager for type HighLevelGpuProgram
11:28:51: Registering ResourceManager for type Compositor
11:28:51: MovableObjectFactory for type 'Entity' registered.
11:28:51: MovableObjectFactory for type 'Light' registered.
11:28:51: MovableObjectFactory for type 'BillboardSet' registered.
11:28:51: MovableObjectFactory for type 'ManualObject' registered.
11:28:51: MovableObjectFactory for type 'BillboardChain' registered.
11:28:51: MovableObjectFactory for type 'RibbonTrail' registered.
11:28:51: OGRE EXCEPTION(6:FileNotFoundException): 'plugins.cfg' file not found! in ConfigFile::load at /build/buildd/ogre-1.9-1.9.0+dfsg1/OgreMain/src/OgreConfigFile.cpp (line 82)
11:28:51: plugins.cfg not found, automatic plugin loading disabled.
11:28:51: *-*-* OGRE Initialising
11:28:51: *-*-* Version 1.9.0 (Ghadamon)
11:28:51: OGRE EXCEPTION(6:FileNotFoundException): 'resources.cfg' file not found! in ConfigFile::load at /build/buildd/ogre-1.9-1.9.0+dfsg1/OgreMain/src/OgreConfigFile.cpp (line 82)
